Arguments: 
  C:\Program Files\nodejs\node.exe C:\Program Files (x86)\Yarn\bin\yarn.js add --dev @types/rxjs

PATH: 
  C:\Users\Kamil\Desktop\cmder\bin;C:\Users\Kamil\Desktop\cmder\vendor\bin;C:\Users\Kamil\Desktop\cmder\vendor\conemu-maximus5\ConEmu\Scripts;C:\Program Files\nodejs\node_modules\npm\node_modules\npm-lifecycle\node-gyp-bin;C:\Users\Kamil\AppData\Roaming\npm\node_modules\windows-build-tools\node_modules\bin;C:\Users\Kamil\AppData\Roaming\npm\node_modules\.bin;C:\Users\Kamil\Desktop\cmder\bin;C:\Users\Kamil\Desktop\cmder\vendor\conemu-maximus5\ConEmu\Scripts;C:\Users\Kamil\Desktop\cmder\vendor\conemu-maximus5;C:\Users\Kamil\Desktop\cmder\vendor\conemu-maximus5\ConEmu;C:\Windows\system32;C:\Windows;C:\Windows\System32\Wbem;C:\Windows\System32\WindowsPowerShell\v1.0\;C:\Program Files\Intel\DMIX;c:\Program Files (x86)\Microsoft SQL Server\110\Tools\Binn\c:\Program Files\Microsoft SQL Server\110\Tools\Binn\;c:\Program Files\Microsoft SQL Server\110\DTS\Binn\;C:\Users\Kamil\.dnx\bin;C:\Program Files\Microsoft DNX\Dnvm\;C:\Program Files\Microsoft SQL Server\130\Tools\Binn\;C:\Program Files (x86)\Windows Kits\8.1\Windows Performance Toolkit\;C:\Users\Kamil\AppData\Local\atom\app-1.17.2\resources\cli;C:\Users\Kamil\AppData\Local\atom\app-1.19.0\resources\cli;C:\PostgreSQL\pg10\binC:\Program Files\dotnet\;C:\Program Files (x86)\Yarn\bin\;C:\sqlite;C:\Program Files\Git\cmd;C:\Program Files (x86)\Microsoft VS Code\bin;C:\Program Files (x86)\Microsoft VS Code\bin;C:\Users\Kamil\AppData\Roaming\npm;C:\Users\Kamil\.dotnet\tools;C:\Users\Kamil\AppData\Local\Yarn\bin;C:\Program Files\Git\usr\bin;C:\Program Files\Git\usr\share\vim\vim74;C:\Users\Kamil\Desktop\cmder\;C:\Users\Kamil\AppData\Roaming\npm\node_modules;C:\Program Files\Docker Toolbox;C:\Program Files (x86)\NVIDIA Corporation\PhysX\Common;C:\Program Files\PuTTY\;C:\Program Files\nodejs\;C:\Windows\System32\WindowsPowerShell\v1.0\;C:\HaxeToolkit\haxe\;C:\HaxeToolkit\neko;C:\Users\Kamil\AppData\Local\Keybase;C:\Users\Kamil\AppData\Local\Programs\Python\Python37-32;C:\Users\Kamil\AppData\Local\Programs\Python\Python37-32\Scripts;C:\Program Files\dotnet;C:\Users\Kamil\AppData\Local\Programs\Python\Python37-32\Scripts\;C:\Users\Kamil\AppData\Local\Programs\Python\Python37-32\;C:\Python27\;C:\Program Files\nodejs\node_modules\npm\node_modules\npm-lifecycle\node-gyp-bin;C:\Users\Kamil\AppData\Roaming\npm\node_modules\windows-build-tools\node_modules\.bin;C:\Users\Kamil\AppData\Roaming\npm\node_modules\.bin;C:\Users\Kamil\Desktop\cmder\bin;C:\Users\Kamil\Desktop\cmder\vendor\conemu-maximus5\ConEmu\Scripts;C:\Users\Kamil\Desktop\cmder\vendor\conemu-maximus5;C:\Users\Kamil\Desktop\cmder\vendor\conemu-maximus5\ConEmu;C:\Program Files (x86)\NVIDIA Corporation\PhysX\Common;C:\Windows\system32;C:\Windows;C:\Windows\System32\Wbem;C:\Windows\System32\WindowsPowerShell\v1.0\;C:\Program Files\Intel\DMIX;c:\Program Files (x86)\Microsoft SQL Server\110\Tools\Binn\;c:\Program Files\Microsoft SQL Server\110\Tools\Binn\;c:\Program Files\Microsoft SQL Server\110\DTS\Binn\;C:\Users\Kamil\.dnx\bin;C:\Program Files\Microsoft DNX\Dnvm\;C:\Program Files\Microsoft SQL Server\130\Tools\Binn\;C:\Program Files (x86)\Windows Kits\8.1\Windows Performance Toolkit\;C:\Users\Kamil\AppData\Local\atom\app-1.17.2\resources\cli;C:\Users\Kamil\AppData\Local\atom\app-1.19.0\resources\cli;C:\PostgreSQL\pg10\bin;C:\Program Files\nodejs\;C:\Program Files\dotnet\;C:\Program Files (x86)\Yarn\bin\;C:\MinGW\bin;C:\Users\Kamil\AppData\Local\Programs\Python\Python36-32;C:\sqlite;C:\Program Files\Git\cmd;C:\Program Files (x86)\Microsoft VS Code\bin;C:\Users\Kamil\AppData\Local\Programs\Python\Python36-32\Scripts\;C:\Users\Kamil\AppData\Local\Programs\Python\Python36-32\;C:\Program Files (x86)\Microsoft VS Code\bin;C:\Users\Kamil\.dotnet\tools;C:\Users\Kamil\AppData\Local\Yarn\bin;C:\Program Files\Git\usr\bin;C:\Program Files\Git\usr\share\vim\vim74;C:\Users\Kamil\Desktop\cmder\;C:\Users\Kamil\AppData\Roaming\npm\node_modules;C:\Program Files\Docker Toolbox;C:\Users\Kamil\AppData\Roaming\npm;C:\Users\Kamil\AppData\Local\Keybase;C:\Users\Kamil\AppData\Local\Keybase\;C:\Users\Kamil\Desktop\cmder\vendor\git-for-windows\cmd;C:\Users\Kamil\Desktop\cmder\vendor\git-for-windows\mingw64\bin;C:\Users\Kamil\Desktop\cmder\vendor\git-for-windows\usr\bin;C:\Users\Kamil\Desktop\cmder

Yarn version: 
  1.6.0

Node version: 
  10.15.3

Platform: 
  win32 x64

Trace: 
  Error: https://registry.yarnpkg.com/@types%2frxjs: Not found
      at Request.params.callback [as _callback] (C:\Program Files (x86)\Yarn\lib\cli.js:65327:18)
      at Request.self.callback (C:\Program Files (x86)\Yarn\lib\cli.js:133155:22)
      at Request.emit (events.js:189:13)
      at Request.<anonymous> (C:\Program Files (x86)\Yarn\lib\cli.js:134138:10)
      at Request.emit (events.js:189:13)
      at IncomingMessage.<anonymous> (C:\Program Files (x86)\Yarn\lib\cli.js:134058:12)
      at Object.onceWrapper (events.js:277:13)
      at IncomingMessage.emit (events.js:194:15)
      at endReadableNT (_stream_readable.js:1125:12)
      at process._tickCallback (internal/process/next_tick.js:63:19)

npm manifest: 
  {
    "name": "omnibot2",
    "version": "0.0.1",
    "description": "Omnibot2, rewritten in TypeScript",
    "main": "index.ts",
    "repository": "git@gitlab.com:Kamilczak020/omnibot2.git",
    "author": "Kamil Solecki <kamilczak020@gmail.com>",
    "license": "MIT",
    "dependencies": {
      "bunyan": "^1.8.12",
      "discord.js": "^11.5.1",
      "dotenv": "^8.2.0",
      "inversify": "^5.0.1",
      "js-yaml": "^3.13.1",
      "pg": "^7.14.0",
      "pg-hstore": "^2.3.3",
      "reflect-metadata": "^0.1.13",
      "rxjs": "^6.5.3",
      "sequelize": "^5.21.2",
      "sequelize-typescript": "^1.0.0"
    },
    "devDependencies": {
      "@types/bunyan": "^1.8.6",
      "@types/js-yaml": "^3.12.1",
      "@types/node": "^12.12.11",
      "@types/sequelize": "^4.28.7",
      "@types/uuid": "^3.4.6",
      "tslint": "^5.20.1",
      "tslint-microsoft-contrib": "^6.2.0",
      "typescript": "^3.7.2"
    }
  }

yarn manifest: 
  No manifest

Lockfile: 
  # THIS IS AN AUTOGENERATED FILE. DO NOT EDIT THIS FILE DIRECTLY.
  # yarn lockfile v1
  
  
  "@babel/code-frame@^7.0.0":
    version "7.5.5"
    resolved "https://registry.yarnpkg.com/@babel/code-frame/-/code-frame-7.5.5.tgz#bc0782f6d69f7b7d49531219699b988f669a8f9d"
    dependencies:
      "@babel/highlight" "^7.0.0"
  
  "@babel/highlight@^7.0.0":
    version "7.5.0"
    resolved "https://registry.yarnpkg.com/@babel/highlight/-/highlight-7.5.0.tgz#56d11312bd9248fa619591d02472be6e8cb32540"
    dependencies:
      chalk "^2.0.0"
      esutils "^2.0.2"
      js-tokens "^4.0.0"
  
  "@types/bluebird@*":
    version "3.5.29"
    resolved "https://registry.yarnpkg.com/@types/bluebird/-/bluebird-3.5.29.tgz#7cd933c902c4fc83046517a1bef973886d00bdb6"
  
  "@types/bunyan@^1.8.6":
    version "1.8.6"
    resolved "https://registry.yarnpkg.com/@types/bunyan/-/bunyan-1.8.6.tgz#6527641cca30bedec5feb9ab527b7803b8000582"
    dependencies:
      "@types/node" "*"
  
  "@types/continuation-local-storage@*":
    version "3.2.2"
    resolved "https://registry.yarnpkg.com/@types/continuation-local-storage/-/continuation-local-storage-3.2.2.tgz#7cbf177a6206ece87bc4b808784772ad2aa5f6db"
    dependencies:
      "@types/node" "*"
  
  "@types/js-yaml@^3.12.1":
    version "3.12.1"
    resolved "https://registry.yarnpkg.com/@types/js-yaml/-/js-yaml-3.12.1.tgz#5c6f4a1eabca84792fbd916f0cb40847f123c656"
  
  "@types/lodash@*":
    version "4.14.149"
    resolved "https://registry.yarnpkg.com/@types/lodash/-/lodash-4.14.149.tgz#1342d63d948c6062838fbf961012f74d4e638440"
  
  "@types/node@*", "@types/node@^12.12.11":
    version "12.12.11"
    resolved "https://registry.yarnpkg.com/@types/node/-/node-12.12.11.tgz#bec2961975888d964196bf0016a2f984d793d3ce"
  
  "@types/sequelize@^4.28.7":
    version "4.28.7"
    resolved "https://registry.yarnpkg.com/@types/sequelize/-/sequelize-4.28.7.tgz#ea4ff8cb9e6d879b5c2cd30faffd5919d5365f51"
    dependencies:
      "@types/bluebird" "*"
      "@types/continuation-local-storage" "*"
      "@types/lodash" "*"
      "@types/validator" "*"
  
  "@types/uuid@^3.4.6":
    version "3.4.6"
    resolved "https://registry.yarnpkg.com/@types/uuid/-/uuid-3.4.6.tgz#d2c4c48eb85a757bf2927f75f939942d521e3016"
    dependencies:
      "@types/node" "*"
  
  "@types/validator@*":
    version "12.0.0"
    resolved "https://registry.yarnpkg.com/@types/validator/-/validator-12.0.0.tgz#a98b3f3db596f176334de8e94ec88b6b2a44c715"
  
  ansi-styles@^3.2.1:
    version "3.2.1"
    resolved "https://registry.yarnpkg.com/ansi-styles/-/ansi-styles-3.2.1.tgz#41fbb20243e50b12be0f04b8dedbf07520ce841d"
    dependencies:
      color-convert "^1.9.0"
  
  any-promise@^1.3.0:
    version "1.3.0"
    resolved "https://registry.yarnpkg.com/any-promise/-/any-promise-1.3.0.tgz#abc6afeedcea52e809cdc0376aed3ce39635d17f"
  
  argparse@^1.0.7:
    version "1.0.10"
    resolved "https://registry.yarnpkg.com/argparse/-/argparse-1.0.10.tgz#bcd6791ea5ae09725e17e5ad988134cd40b3d911"
    dependencies:
      sprintf-js "~1.0.2"
  
  async-limiter@~1.0.0:
    version "1.0.1"
    resolved "https://registry.yarnpkg.com/async-limiter/-/async-limiter-1.0.1.tgz#dd379e94f0db8310b08291f9d64c3209766617fd"
  
  balanced-match@^1.0.0:
    version "1.0.0"
    resolved "https://registry.yarnpkg.com/balanced-match/-/balanced-match-1.0.0.tgz#89b4d199ab2bee49de164ea02b89ce462d71b767"
  
  bluebird@^3.5.0:
    version "3.7.1"
    resolved "https://registry.yarnpkg.com/bluebird/-/bluebird-3.7.1.tgz#df70e302b471d7473489acf26a93d63b53f874de"
  
  brace-expansion@^1.1.7:
    version "1.1.11"
    resolved "https://registry.yarnpkg.com/brace-expansion/-/brace-expansion-1.1.11.tgz#3c7fcbf529d87226f3d2f52b966ff5271eb441dd"
    dependencies:
      balanced-match "^1.0.0"
      concat-map "0.0.1"
  
  buffer-writer@2.0.0:
    version "2.0.0"
    resolved "https://registry.yarnpkg.com/buffer-writer/-/buffer-writer-2.0.0.tgz#ce7eb81a38f7829db09c873f2fbb792c0c98ec04"
  
  builtin-modules@^1.1.1:
    version "1.1.1"
    resolved "https://registry.yarnpkg.com/builtin-modules/-/builtin-modules-1.1.1.tgz#270f076c5a72c02f5b65a47df94c5fe3a278892f"
  
  bunyan@^1.8.12:
    version "1.8.12"
    resolved "https://registry.yarnpkg.com/bunyan/-/bunyan-1.8.12.tgz#f150f0f6748abdd72aeae84f04403be2ef113797"
    optionalDependencies:
      dtrace-provider "~0.8"
      moment "^2.10.6"
      mv "~2"
      safe-json-stringify "~1"
  
  chalk@^2.0.0, chalk@^2.3.0:
    version "2.4.2"
    resolved "https://registry.yarnpkg.com/chalk/-/chalk-2.4.2.tgz#cd42541677a54333cf541a49108c1432b44c9424"
    dependencies:
      ansi-styles "^3.2.1"
      escape-string-regexp "^1.0.5"
      supports-color "^5.3.0"
  
  cls-bluebird@^2.1.0:
    version "2.1.0"
    resolved "https://registry.yarnpkg.com/cls-bluebird/-/cls-bluebird-2.1.0.tgz#37ef1e080a8ffb55c2f4164f536f1919e7968aee"
    dependencies:
      is-bluebird "^1.0.2"
      shimmer "^1.1.0"
  
  color-convert@^1.9.0:
    version "1.9.3"
    resolved "https://registry.yarnpkg.com/color-convert/-/color-convert-1.9.3.tgz#bb71850690e1f136567de629d2d5471deda4c1e8"
    dependencies:
      color-name "1.1.3"
  
  color-name@1.1.3:
    version "1.1.3"
    resolved "https://registry.yarnpkg.com/color-name/-/color-name-1.1.3.tgz#a7d0558bd89c42f795dd42328f740831ca53bc25"
  
  commander@^2.12.1:
    version "2.20.3"
    resolved "https://registry.yarnpkg.com/commander/-/commander-2.20.3.tgz#fd485e84c03eb4881c20722ba48035e8531aeb33"
  
  concat-map@0.0.1:
    version "0.0.1"
    resolved "https://registry.yarnpkg.com/concat-map/-/concat-map-0.0.1.tgz#d8a96bd77fd68df7793a73036a3ba0d5405d477b"
  
  debug@^4.1.1:
    version "4.1.1"
    resolved "https://registry.yarnpkg.com/debug/-/debug-4.1.1.tgz#3b72260255109c6b589cee050f1d516139664791"
    dependencies:
      ms "^2.1.1"
  
  diff@^4.0.1:
    version "4.0.1"
    resolved "https://registry.yarnpkg.com/diff/-/diff-4.0.1.tgz#0c667cb467ebbb5cea7f14f135cc2dba7780a8ff"
  
  discord.js@^11.5.1:
    version "11.5.1"
    resolved "https://registry.yarnpkg.com/discord.js/-/discord.js-11.5.1.tgz#910fb9f6410328581093e044cafb661783a4d9e8"
    dependencies:
      long "^4.0.0"
      prism-media "^0.0.3"
      snekfetch "^3.6.4"
      tweetnacl "^1.0.0"
      ws "^6.0.0"
  
  dotenv@^8.2.0:
    version "8.2.0"
    resolved "https://registry.yarnpkg.com/dotenv/-/dotenv-8.2.0.tgz#97e619259ada750eea3e4ea3e26bceea5424b16a"
  
  dottie@^2.0.0:
    version "2.0.1"
    resolved "https://registry.yarnpkg.com/dottie/-/dottie-2.0.1.tgz#697ad9d72004db7574d21f892466a3c285893659"
  
  dtrace-provider@~0.8:
    version "0.8.8"
    resolved "https://registry.yarnpkg.com/dtrace-provider/-/dtrace-provider-0.8.8.tgz#2996d5490c37e1347be263b423ed7b297fb0d97e"
    dependencies:
      nan "^2.14.0"
  
  escape-string-regexp@^1.0.5:
    version "1.0.5"
    resolved "https://registry.yarnpkg.com/escape-string-regexp/-/escape-string-regexp-1.0.5.tgz#1b61c0562190a8dff6ae3bb2cf0200ca130b86d4"
  
  esprima@^4.0.0:
    version "4.0.1"
    resolved "https://registry.yarnpkg.com/esprima/-/esprima-4.0.1.tgz#13b04cdb3e6c5d19df91ab6987a8695619b0aa71"
  
  esutils@^2.0.2:
    version "2.0.3"
    resolved "https://registry.yarnpkg.com/esutils/-/esutils-2.0.3.tgz#74d2eb4de0b8da1293711910d50775b9b710ef64"
  
  fs.realpath@^1.0.0:
    version "1.0.0"
    resolved "https://registry.yarnpkg.com/fs.realpath/-/fs.realpath-1.0.0.tgz#1504ad2523158caa40db4a2787cb01411994ea4f"
  
  glob@7.1.2:
    version "7.1.2"
    resolved "https://registry.yarnpkg.com/glob/-/glob-7.1.2.tgz#c19c9df9a028702d678612384a6552404c636d15"
    dependencies:
      fs.realpath "^1.0.0"
      inflight "^1.0.4"
      inherits "2"
      minimatch "^3.0.4"
      once "^1.3.0"
      path-is-absolute "^1.0.0"
  
  glob@^6.0.1:
    version "6.0.4"
    resolved "https://registry.yarnpkg.com/glob/-/glob-6.0.4.tgz#0f08860f6a155127b2fadd4f9ce24b1aab6e4d22"
    dependencies:
      inflight "^1.0.4"
      inherits "2"
      minimatch "2 || 3"
      once "^1.3.0"
      path-is-absolute "^1.0.0"
  
  glob@^7.1.1:
    version "7.1.6"
    resolved "https://registry.yarnpkg.com/glob/-/glob-7.1.6.tgz#141f33b81a7c2492e125594307480c46679278a6"
    dependencies:
      fs.realpath "^1.0.0"
      inflight "^1.0.4"
      inherits "2"
      minimatch "^3.0.4"
      once "^1.3.0"
      path-is-absolute "^1.0.0"
  
  has-flag@^3.0.0:
    version "3.0.0"
    resolved "https://registry.yarnpkg.com/has-flag/-/has-flag-3.0.0.tgz#b5d454dc2199ae225699f3467e5a07f3b955bafd"
  
  inflection@1.12.0:
    version "1.12.0"
    resolved "https://registry.yarnpkg.com/inflection/-/inflection-1.12.0.tgz#a200935656d6f5f6bc4dc7502e1aecb703228416"
  
  inflight@^1.0.4:
    version "1.0.6"
    resolved "https://registry.yarnpkg.com/inflight/-/inflight-1.0.6.tgz#49bd6331d7d02d0c09bc910a1075ba8165b56df9"
    dependencies:
      once "^1.3.0"
      wrappy "1"
  
  inherits@2:
    version "2.0.4"
    resolved "https://registry.yarnpkg.com/inherits/-/inherits-2.0.4.tgz#0fa2c64f932917c3433a0ded55363aae37416b7c"
  
  inversify@^5.0.1:
    version "5.0.1"
    resolved "https://registry.yarnpkg.com/inversify/-/inversify-5.0.1.tgz#500d709b1434896ce5a0d58915c4a4210e34fb6e"
  
  is-bluebird@^1.0.2:
    version "1.0.2"
    resolved "https://registry.yarnpkg.com/is-bluebird/-/is-bluebird-1.0.2.tgz#096439060f4aa411abee19143a84d6a55346d6e2"
  
  js-tokens@^4.0.0:
    version "4.0.0"
    resolved "https://registry.yarnpkg.com/js-tokens/-/js-tokens-4.0.0.tgz#19203fb59991df98e3a287050d4647cdeaf32499"
  
  js-yaml@^3.13.1:
    version "3.13.1"
    resolved "https://registry.yarnpkg.com/js-yaml/-/js-yaml-3.13.1.tgz#aff151b30bfdfa8e49e05da22e7415e9dfa37847"
    dependencies:
      argparse "^1.0.7"
      esprima "^4.0.0"
  
  lodash@^4.17.15:
    version "4.17.15"
    resolved "https://registry.yarnpkg.com/lodash/-/lodash-4.17.15.tgz#b447f6670a0455bbfeedd11392eff330ea097548"
  
  long@^4.0.0:
    version "4.0.0"
    resolved "https://registry.yarnpkg.com/long/-/long-4.0.0.tgz#9a7b71cfb7d361a194ea555241c92f7468d5bf28"
  
  "minimatch@2 || 3", minimatch@^3.0.4:
    version "3.0.4"
    resolved "https://registry.yarnpkg.com/minimatch/-/minimatch-3.0.4.tgz#5166e286457f03306064be5497e8dbb0c3d32083"
    dependencies:
      brace-expansion "^1.1.7"
  
  minimist@0.0.8:
    version "0.0.8"
    resolved "https://registry.yarnpkg.com/minimist/-/minimist-0.0.8.tgz#857fcabfc3397d2625b8228262e86aa7a011b05d"
  
  mkdirp@^0.5.1, mkdirp@~0.5.1:
    version "0.5.1"
    resolved "https://registry.yarnpkg.com/mkdirp/-/mkdirp-0.5.1.tgz#30057438eac6cf7f8c4767f38648d6697d75c903"
    dependencies:
      minimist "0.0.8"
  
  moment-timezone@^0.5.21:
    version "0.5.27"
    resolved "https://registry.yarnpkg.com/moment-timezone/-/moment-timezone-0.5.27.tgz#73adec8139b6fe30452e78f210f27b1f346b8877"
    dependencies:
      moment ">= 2.9.0"
  
  "moment@>= 2.9.0", moment@^2.10.6, moment@^2.24.0:
    version "2.24.0"
    resolved "https://registry.yarnpkg.com/moment/-/moment-2.24.0.tgz#0d055d53f5052aa653c9f6eb68bb5d12bf5c2b5b"
  
  ms@^2.1.1:
    version "2.1.2"
    resolved "https://registry.yarnpkg.com/ms/-/ms-2.1.2.tgz#d09d1f357b443f493382a8eb3ccd183872ae6009"
  
  mv@~2:
    version "2.1.1"
    resolved "https://registry.yarnpkg.com/mv/-/mv-2.1.1.tgz#ae6ce0d6f6d5e0a4f7d893798d03c1ea9559b6a2"
    dependencies:
      mkdirp "~0.5.1"
      ncp "~2.0.0"
      rimraf "~2.4.0"
  
  nan@^2.14.0:
    version "2.14.0"
    resolved "https://registry.yarnpkg.com/nan/-/nan-2.14.0.tgz#7818f722027b2459a86f0295d434d1fc2336c52c"
  
  ncp@~2.0.0:
    version "2.0.0"
    resolved "https://registry.yarnpkg.com/ncp/-/ncp-2.0.0.tgz#195a21d6c46e361d2fb1281ba38b91e9df7bdbb3"
  
  once@^1.3.0:
    version "1.4.0"
    resolved "https://registry.yarnpkg.com/once/-/once-1.4.0.tgz#583b1aa775961d4b113ac17d9c50baef9dd76bd1"
    dependencies:
      wrappy "1"
  
  packet-reader@1.0.0:
    version "1.0.0"
    resolved "https://registry.yarnpkg.com/packet-reader/-/packet-reader-1.0.0.tgz#9238e5480dedabacfe1fe3f2771063f164157d74"
  
  path-is-absolute@^1.0.0:
    version "1.0.1"
    resolved "https://registry.yarnpkg.com/path-is-absolute/-/path-is-absolute-1.0.1.tgz#174b9268735534ffbc7ace6bf53a5a9e1b5c5f5f"
  
  path-parse@^1.0.6:
    version "1.0.6"
    resolved "https://registry.yarnpkg.com/path-parse/-/path-parse-1.0.6.tgz#d62dbb5679405d72c4737ec58600e9ddcf06d24c"
  
  pg-connection-string@0.1.3:
    version "0.1.3"
    resolved "https://registry.yarnpkg.com/pg-connection-string/-/pg-connection-string-0.1.3.tgz#da1847b20940e42ee1492beaf65d49d91b245df7"
  
  pg-hstore@^2.3.3:
    version "2.3.3"
    resolved "https://registry.yarnpkg.com/pg-hstore/-/pg-hstore-2.3.3.tgz#d1978c12a85359830b1388d3b0ff233b88928e96"
    dependencies:
      underscore "^1.7.0"
  
  pg-int8@1.0.1:
    version "1.0.1"
    resolved "https://registry.yarnpkg.com/pg-int8/-/pg-int8-1.0.1.tgz#943bd463bf5b71b4170115f80f8efc9a0c0eb78c"
  
  pg-pool@^2.0.7:
    version "2.0.7"
    resolved "https://registry.yarnpkg.com/pg-pool/-/pg-pool-2.0.7.tgz#f14ecab83507941062c313df23f6adcd9fd0ce54"
  
  pg-types@^2.1.0:
    version "2.2.0"
    resolved "https://registry.yarnpkg.com/pg-types/-/pg-types-2.2.0.tgz#2d0250d636454f7cfa3b6ae0382fdfa8063254a3"
    dependencies:
      pg-int8 "1.0.1"
      postgres-array "~2.0.0"
      postgres-bytea "~1.0.0"
      postgres-date "~1.0.4"
      postgres-interval "^1.1.0"
  
  pg@^7.14.0:
    version "7.14.0"
    resolved "https://registry.yarnpkg.com/pg/-/pg-7.14.0.tgz#f46727845ad19c2670a7e8151063a670338b6057"
    dependencies:
      buffer-writer "2.0.0"
      packet-reader "1.0.0"
      pg-connection-string "0.1.3"
      pg-pool "^2.0.7"
      pg-types "^2.1.0"
      pgpass "1.x"
      semver "4.3.2"
  
  pgpass@1.x:
    version "1.0.2"
    resolved "https://registry.yarnpkg.com/pgpass/-/pgpass-1.0.2.tgz#2a7bb41b6065b67907e91da1b07c1847c877b306"
    dependencies:
      split "^1.0.0"
  
  postgres-array@~2.0.0:
    version "2.0.0"
    resolved "https://registry.yarnpkg.com/postgres-array/-/postgres-array-2.0.0.tgz#48f8fce054fbc69671999329b8834b772652d82e"
  
  postgres-bytea@~1.0.0:
    version "1.0.0"
    resolved "https://registry.yarnpkg.com/postgres-bytea/-/postgres-bytea-1.0.0.tgz#027b533c0aa890e26d172d47cf9ccecc521acd35"
  
  postgres-date@~1.0.4:
    version "1.0.4"
    resolved "https://registry.yarnpkg.com/postgres-date/-/postgres-date-1.0.4.tgz#1c2728d62ef1bff49abdd35c1f86d4bdf118a728"
  
  postgres-interval@^1.1.0:
    version "1.2.0"
    resolved "https://registry.yarnpkg.com/postgres-interval/-/postgres-interval-1.2.0.tgz#b460c82cb1587507788819a06aa0fffdb3544695"
    dependencies:
      xtend "^4.0.0"
  
  prism-media@^0.0.3:
    version "0.0.3"
    resolved "https://registry.yarnpkg.com/prism-media/-/prism-media-0.0.3.tgz#8842d4fae804f099d3b48a9a38e3c2bab6f4855b"
  
  reflect-metadata@^0.1.13:
    version "0.1.13"
    resolved "https://registry.yarnpkg.com/reflect-metadata/-/reflect-metadata-0.1.13.tgz#67ae3ca57c972a2aa1642b10fe363fe32d49dc08"
  
  resolve@^1.3.2:
    version "1.12.2"
    resolved "https://registry.yarnpkg.com/resolve/-/resolve-1.12.2.tgz#08b12496d9aa8659c75f534a8f05f0d892fff594"
    dependencies:
      path-parse "^1.0.6"
  
  retry-as-promised@^3.2.0:
    version "3.2.0"
    resolved "https://registry.yarnpkg.com/retry-as-promised/-/retry-as-promised-3.2.0.tgz#769f63d536bec4783549db0777cb56dadd9d8543"
    dependencies:
      any-promise "^1.3.0"
  
  rimraf@~2.4.0:
    version "2.4.5"
    resolved "https://registry.yarnpkg.com/rimraf/-/rimraf-2.4.5.tgz#ee710ce5d93a8fdb856fb5ea8ff0e2d75934b2da"
    dependencies:
      glob "^6.0.1"
  
  rxjs@^6.5.3:
    version "6.5.3"
    resolved "https://registry.yarnpkg.com/rxjs/-/rxjs-6.5.3.tgz#510e26317f4db91a7eb1de77d9dd9ba0a4899a3a"
    dependencies:
      tslib "^1.9.0"
  
  safe-json-stringify@~1:
    version "1.2.0"
    resolved "https://registry.yarnpkg.com/safe-json-stringify/-/safe-json-stringify-1.2.0.tgz#356e44bc98f1f93ce45df14bcd7c01cda86e0afd"
  
  semver@4.3.2:
    version "4.3.2"
    resolved "https://registry.yarnpkg.com/semver/-/semver-4.3.2.tgz#c7a07158a80bedd052355b770d82d6640f803be7"
  
  semver@^5.3.0:
    version "5.7.1"
    resolved "https://registry.yarnpkg.com/semver/-/semver-5.7.1.tgz#a954f931aeba508d307bbf069eff0c01c96116f7"
  
  semver@^6.3.0:
    version "6.3.0"
    resolved "https://registry.yarnpkg.com/semver/-/semver-6.3.0.tgz#ee0a64c8af5e8ceea67687b133761e1becbd1d3d"
  
  sequelize-pool@^2.3.0:
    version "2.3.0"
    resolved "https://registry.yarnpkg.com/sequelize-pool/-/sequelize-pool-2.3.0.tgz#64f1fe8744228172c474f530604b6133be64993d"
  
  sequelize-typescript@^1.0.0:
    version "1.0.0"
    resolved "https://registry.yarnpkg.com/sequelize-typescript/-/sequelize-typescript-1.0.0.tgz#0301059cfcef117a5bf249cc2ea85233de2d3ee5"
    dependencies:
      glob "7.1.2"
  
  sequelize@^5.21.2:
    version "5.21.2"
    resolved "https://registry.yarnpkg.com/sequelize/-/sequelize-5.21.2.tgz#0daeee9bef37d49490b72a2c6891d53044f65a18"
    dependencies:
      bluebird "^3.5.0"
      cls-bluebird "^2.1.0"
      debug "^4.1.1"
      dottie "^2.0.0"
      inflection "1.12.0"
      lodash "^4.17.15"
      moment "^2.24.0"
      moment-timezone "^0.5.21"
      retry-as-promised "^3.2.0"
      semver "^6.3.0"
      sequelize-pool "^2.3.0"
      toposort-class "^1.0.1"
      uuid "^3.3.3"
      validator "^10.11.0"
      wkx "^0.4.8"
  
  shimmer@^1.1.0:
    version "1.2.1"
    resolved "https://registry.yarnpkg.com/shimmer/-/shimmer-1.2.1.tgz#610859f7de327b587efebf501fb43117f9aff337"
  
  snekfetch@^3.6.4:
    version "3.6.4"
    resolved "https://registry.yarnpkg.com/snekfetch/-/snekfetch-3.6.4.tgz#d13e80a616d892f3d38daae4289f4d258a645120"
  
  split@^1.0.0:
    version "1.0.1"
    resolved "https://registry.yarnpkg.com/split/-/split-1.0.1.tgz#605bd9be303aa59fb35f9229fbea0ddec9ea07d9"
    dependencies:
      through "2"
  
  sprintf-js@~1.0.2:
    version "1.0.3"
    resolved "https://registry.yarnpkg.com/sprintf-js/-/sprintf-js-1.0.3.tgz#04e6926f662895354f3dd015203633b857297e2c"
  
  supports-color@^5.3.0:
    version "5.5.0"
    resolved "https://registry.yarnpkg.com/supports-color/-/supports-color-5.5.0.tgz#e2e69a44ac8772f78a1ec0b35b689df6530efc8f"
    dependencies:
      has-flag "^3.0.0"
  
  through@2:
    version "2.3.8"
    resolved "https://registry.yarnpkg.com/through/-/through-2.3.8.tgz#0dd4c9ffaabc357960b1b724115d7e0e86a2e1f5"
  
  toposort-class@^1.0.1:
    version "1.0.1"
    resolved "https://registry.yarnpkg.com/toposort-class/-/toposort-class-1.0.1.tgz#7ffd1f78c8be28c3ba45cd4e1a3f5ee193bd9988"
  
  tslib@^1.8.0, tslib@^1.8.1, tslib@^1.9.0:
    version "1.10.0"
    resolved "https://registry.yarnpkg.com/tslib/-/tslib-1.10.0.tgz#c3c19f95973fb0a62973fb09d90d961ee43e5c8a"
  
  tslint-microsoft-contrib@^6.2.0:
    version "6.2.0"
    resolved "https://registry.yarnpkg.com/tslint-microsoft-contrib/-/tslint-microsoft-contrib-6.2.0.tgz#8aa0f40584d066d05e6a5e7988da5163b85f2ad4"
    dependencies:
      tsutils "^2.27.2 <2.29.0"
  
  tslint@^5.20.1:
    version "5.20.1"
    resolved "https://registry.yarnpkg.com/tslint/-/tslint-5.20.1.tgz#e401e8aeda0152bc44dd07e614034f3f80c67b7d"
    dependencies:
      "@babel/code-frame" "^7.0.0"
      builtin-modules "^1.1.1"
      chalk "^2.3.0"
      commander "^2.12.1"
      diff "^4.0.1"
      glob "^7.1.1"
      js-yaml "^3.13.1"
      minimatch "^3.0.4"
      mkdirp "^0.5.1"
      resolve "^1.3.2"
      semver "^5.3.0"
      tslib "^1.8.0"
      tsutils "^2.29.0"
  
  "tsutils@^2.27.2 <2.29.0":
    version "2.28.0"
    resolved "https://registry.yarnpkg.com/tsutils/-/tsutils-2.28.0.tgz#6bd71e160828f9d019b6f4e844742228f85169a1"
    dependencies:
      tslib "^1.8.1"
  
  tsutils@^2.29.0:
    version "2.29.0"
    resolved "https://registry.yarnpkg.com/tsutils/-/tsutils-2.29.0.tgz#32b488501467acbedd4b85498673a0812aca0b99"
    dependencies:
      tslib "^1.8.1"
  
  tweetnacl@^1.0.0:
    version "1.0.1"
    resolved "https://registry.yarnpkg.com/tweetnacl/-/tweetnacl-1.0.1.tgz#2594d42da73cd036bd0d2a54683dd35a6b55ca17"
  
  typescript@^3.7.2:
    version "3.7.2"
    resolved "https://registry.yarnpkg.com/typescript/-/typescript-3.7.2.tgz#27e489b95fa5909445e9fef5ee48d81697ad18fb"
  
  underscore@^1.7.0:
    version "1.9.1"
    resolved "https://registry.yarnpkg.com/underscore/-/underscore-1.9.1.tgz#06dce34a0e68a7babc29b365b8e74b8925203961"
  
  uuid@^3.3.3:
    version "3.3.3"
    resolved "https://registry.yarnpkg.com/uuid/-/uuid-3.3.3.tgz#4568f0216e78760ee1dbf3a4d2cf53e224112866"
  
  validator@^10.11.0:
    version "10.11.0"
    resolved "https://registry.yarnpkg.com/validator/-/validator-10.11.0.tgz#003108ea6e9a9874d31ccc9e5006856ccd76b228"
  
  wkx@^0.4.8:
    version "0.4.8"
    resolved "https://registry.yarnpkg.com/wkx/-/wkx-0.4.8.tgz#a092cf088d112683fdc7182fd31493b2c5820003"
    dependencies:
      "@types/node" "*"
  
  wrappy@1:
    version "1.0.2"
    resolved "https://registry.yarnpkg.com/wrappy/-/wrappy-1.0.2.tgz#b5243d8f3ec1aa35f1364605bc0d1036e30ab69f"
  
  ws@^6.0.0:
    version "6.2.1"
    resolved "https://registry.yarnpkg.com/ws/-/ws-6.2.1.tgz#442fdf0a47ed64f59b6a5d8ff130f4748ed524fb"
    dependencies:
      async-limiter "~1.0.0"
  
  xtend@^4.0.0:
    version "4.0.2"
    resolved "https://registry.yarnpkg.com/xtend/-/xtend-4.0.2.tgz#bb72779f5fa465186b1f438f674fa347fdb5db54"
